<?xml version="1.0" encoding="UTF-8"?>
<!-- Generated by org.testng.reporters.JUnitReportReporter -->
<testsuite skipped="0" hostname="BDC6-DX-3RC3N62" name="com.tests.NewTest3" tests="1" failures="0" timestamp="22 Jan 2019 03:20:41 GMT" time="53.822" errors="0">
  <testcase name="testclearTrip" time="53.822" classname="com.tests.NewTest3"/>
</testsuite> <!-- com.tests.NewTest3 -->
