<?xml version="1.0" encoding="UTF-8"?>
<!-- Generated by org.testng.reporters.JUnitReportReporter -->
<testsuite skipped="0" hostname="BDC6-DX-3RC3N62" name="com.tests.NewTest2" tests="1" failures="0" timestamp="21 Jan 2019 10:30:03 GMT" time="17.193" errors="0">
  <testcase name="testAJAXcontrols" time="17.193" classname="com.tests.NewTest2"/>
</testsuite> <!-- com.tests.NewTest2 -->
