<?xml version="1.0" encoding="UTF-8"?>
<!-- Generated by org.testng.reporters.JUnitReportReporter -->
<testsuite skipped="0" hostname="BDC6-DX-3RC3N62" name="com.tests.NewTest1" tests="1" failures="0" timestamp="21 Jan 2019 09:06:44 GMT" time="51.071" errors="0">
  <testcase name="testHDFCbanklinks" time="51.071" classname="com.tests.NewTest1"/>
</testsuite> <!-- com.tests.NewTest1 -->
